
Content-Length reçu : None
request reçu : GET
Content-Length reçu : 22
request reçu : POST
Content-Length reçu : None
request reçu : GET
Content-Length reçu : None
request reçu : GET
Content-Length reçu : None
request reçu : GET
Content-Length reçu : None
request reçu : GET
Content-Length reçu : None
request reçu : GET
Content-Length reçu : None
request reçu : GET
Content-Length reçu : None
request reçu : GET
Content-Length reçu : None
request reçu : GET
Content-Length reçu : None
request reçu : GET
Content-Length reçu : None
request reçu : GET
Content-Length reçu : None
request reçu : GET
Content-Length reçu : None
request reçu : GET
Content-Length reçu : None
request reçu : GET
Content-Length reçu : None
request reçu : GET
Content-Length reçu : 26
request reçu : POST
Content-Length reçu : None
request reçu : GET
Content-Length reçu : 26
request reçu : POST
Content-Length reçu : 30
request reçu : POST
Content-Length reçu : None
request reçu : GET
Content-Length reçu : None
request reçu : GET
<<<<<<< HEAD
SCRIPT FINISHEDContent-Length reçu : None
=======
Content-Length reçu : None
request reçu : GET
Content-Length reçu : None
request reçu : GET
Content-Length reçu : None
request reçu : GET
Content-Length reçu : None
request reçu : GET
Content-Length reçu : None
request reçu : GET
Content-Length reçu : None
request reçu : GET
Content-Length reçu : None
request reçu : GET
Content-Length reçu : None
request reçu : GET
Content-Length reçu : None
request reçu : GET
Content-Length reçu : None
request reçu : GET
Content-Length reçu : None
request reçu : GET
Content-Length reçu : None
request reçu : GET
Content-Length reçu : None
request reçu : GET
Content-Length reçu : None
request reçu : GET
Content-Length reçu : None
request reçu : GET
Content-Length reçu : None
request reçu : GET
Content-Length reçu : None
request reçu : GET
Content-Length reçu : None
request reçu : GET
Content-Length reçu : None
request reçu : GET
Content-Length reçu : None
request reçu : GET
Content-Length reçu : None
request reçu : GET
Content-Length reçu : None
request reçu : GET
Content-Length reçu : None
request reçu : GET
Content-Length reçu : None
request reçu : GET
Content-Length reçu : None
request reçu : GET
Content-Length reçu : None
request reçu : GET
Content-Length reçu : 23
request reçu : POST
Content-Length reçu : None
request reçu : GET
Content-Length reçu : None
request reçu : GET
Content-Length reçu : None
request reçu : GET
Content-Length reçu : None
request reçu : GET
Content-Length reçu : None
request reçu : GET
Content-Length reçu : None
request reçu : GET
Content-Length reçu : None
request reçu : GET
Content-Length reçu : None
request reçu : GET
Content-Length reçu : None
request reçu : GET
Content-Length reçu : None
request reçu : GET
Content-Length reçu : None
request reçu : GET
Content-Length reçu : None
request reçu : GET
Content-Length reçu : None
request reçu : GET
Content-Length reçu : None
request reçu : GET
Content-Length reçu : None
request reçu : GET
Content-Length reçu : None
request reçu : GET
Content-Length reçu : None
request reçu : GET
Content-Length reçu : None
request reçu : GET
Content-Length reçu : None
request reçu : GET
Content-Length reçu : None
request reçu : GET
Content-Length reçu : None
request reçu : GET
Content-Length reçu : None
request reçu : GET
Content-Length reçu : None
request reçu : GET
Content-Length reçu : None
request reçu : GET
Content-Length reçu : None
request reçu : GET
Content-Length reçu : None
request reçu : GET
Content-Length reçu : None
request reçu : GET
Content-Length reçu : None
request reçu : GET
Content-Length reçu : None
request reçu : GET
Content-Length reçu : None
request reçu : GET
Content-Length reçu : None
request reçu : GET
Content-Length reçu : None
request reçu : GET
Content-Length reçu : None
request reçu : GET
Content-Length reçu : None
request reçu : GET
Content-Length reçu : None
request reçu : GET
Content-Length reçu : None
request reçu : GET
Content-Length reçu : None
request reçu : GET
Content-Length reçu : None
request reçu : GET
Content-Length reçu : None
request reçu : GET
Content-Length reçu : None
request reçu : GET
Content-Length reçu : None
request reçu : GET
Content-Length reçu : None
request reçu : GET
Content-Length reçu : None
request reçu : GET
Content-Length reçu : None
request reçu : GET
Content-Length reçu : None
request reçu : GET
Content-Length reçu : None
request reçu : GET
Content-Length reçu : None
request reçu : GET
Content-Length reçu : None
request reçu : GET
Content-Length reçu : None
request reçu : GET
Content-Length reçu : None
request reçu : GET
Content-Length reçu : None
request reçu : GET
Content-Length reçu : None
request reçu : GET
Content-Length reçu : None
request reçu : GET
Content-Length reçu : None
request reçu : GET
Content-Length reçu : None
request reçu : GET
Content-Length reçu : None
request reçu : GET
Content-Length reçu : None
request reçu : GET
Content-Length reçu : None
request reçu : GET
Content-Length reçu : None
request reçu : GET
Content-Length reçu : None
request reçu : GET
Content-Length reçu : None
request reçu : GET
Content-Length reçu : None
request reçu : GET
Content-Length reçu : None
request reçu : GET
Content-Length reçu : 23
request reçu : POST
Content-Length reçu : None
request reçu : GET
Content-Length reçu : 17
request reçu : POST
Content-Length reçu : None
request reçu : GET
Content-Length reçu : None
request reçu : GET
Content-Length reçu : None
request reçu : GET
Content-Length reçu : None
request reçu : GET
Content-Length reçu : None
request reçu : GET
Content-Length reçu : None
request reçu : GET
Content-Length reçu : None
request reçu : GET
Content-Length reçu : None
request reçu : GET
Content-Length reçu : None
request reçu : GET
Content-Length reçu : None
request reçu : GET
Content-Length reçu : None
request reçu : GET
Content-Length reçu : None
request reçu : GET
Content-Length reçu : None
request reçu : GET
Content-Length reçu : None
request reçu : GET
Content-Length reçu : None
request reçu : GET
Content-Length reçu : None
request reçu : GET
Content-Length reçu : None
request reçu : GET
Content-Length reçu : None
request reçu : GET
Content-Length reçu : None
request reçu : GET
Content-Length reçu : None
request reçu : GET
Content-Length reçu : None
request reçu : None
Content-Length reçu : None
request reçu : GET
Content-Length reçu : None
request reçu : GET
Content-Length reçu : None
request reçu : GET
Content-Length reçu : None
request reçu : GET
Content-Length reçu : None
request reçu : GET
Content-Length reçu : None
request reçu : GET
Content-Length reçu : None
request reçu : GET
Content-Length reçu : None
request reçu : GET
Content-Length reçu : None
request reçu : GET
Content-Length reçu : None
request reçu : GET
Content-Length reçu : None
request reçu : GET
Content-Length reçu : None
request reçu : GET
Content-Length reçu : None
request reçu : GET
Content-Length reçu : None
request reçu : GET
Content-Length reçu : None
request reçu : GET
Content-Length reçu : None
request reçu : GET
Content-Length reçu : None
request reçu : GET
Content-Length reçu : None
request reçu : GET
Content-Length reçu : None
request reçu : GET
Content-Length reçu : None
request reçu : GET
Content-Length reçu : None
request reçu : GET
Content-Length reçu : None
request reçu : GET
Content-Length reçu : None
request reçu : GET
Content-Length reçu : None
request reçu : GET
Content-Length reçu : None
request reçu : GET
Content-Length reçu : None
request reçu : GET
Content-Length reçu : None
request reçu : GET
Content-Length reçu : None
request reçu : GET
Content-Length reçu : None
request reçu : GET
Content-Length reçu : None
request reçu : GET
Content-Length reçu : None
request reçu : GET
Content-Length reçu : None
request reçu : GET
Content-Length reçu : None
request reçu : GET
Content-Length reçu : None
request reçu : GET
Content-Length reçu : None
request reçu : GET
Content-Length reçu : 30
request reçu : POST
Content-Length reçu : 43
request reçu : POST
Content-Length reçu : None
request reçu : GET
Content-Length reçu : None
request reçu : GET
Content-Length reçu : 27
request reçu : POST
Content-Length reçu : None
request reçu : GET
Content-Length reçu : None
request reçu : GET
Content-Length reçu : None
request reçu : GET
Content-Length reçu : None
request reçu : GET
Content-Length reçu : None
request reçu : GET
Content-Length reçu : None
request reçu : GET
Content-Length reçu : None
request reçu : GET
Content-Length reçu : None
request reçu : GET
Content-Length reçu : None
request reçu : GET
Content-Length reçu : None
request reçu : GET
Content-Length reçu : None
request reçu : GET
Content-Length reçu : None
request reçu : GET
Content-Length reçu : None
request reçu : GET
Content-Length reçu : None
request reçu : GET
Content-Length reçu : None
request reçu : GET
Content-Length reçu : None
request reçu : GET
Content-Length reçu : None
request reçu : GET
Content-Length reçu : None
request reçu : GET
Content-Length reçu : None
request reçu : GET
Content-Length reçu : None
request reçu : GET
Content-Length reçu : None
request reçu : GET
Content-Length reçu : None
request reçu : GET
Content-Length reçu : None
request reçu : GET
Content-Length reçu : None
request reçu : GET
Content-Length reçu : None
request reçu : GET
Content-Length reçu : None
request reçu : GET
Content-Length reçu : None
request reçu : GET
Content-Length reçu : None
request reçu : GET
Content-Length reçu : None
request reçu : GET
Content-Length reçu : None
request reçu : GET
Content-Length reçu : None
request reçu : GET
Content-Length reçu : None
request reçu : GET
Content-Length reçu : None
request reçu : GET
Content-Length reçu : None
request reçu : GET
Content-Length reçu : None
request reçu : GET
Content-Length reçu : None
request reçu : GET
Content-Length reçu : None
request reçu : GET
Content-Length reçu : None
request reçu : GET
Content-Length reçu : None
request reçu : GET
Content-Length reçu : None
request reçu : GET
Content-Length reçu : None
request reçu : GET
Content-Length reçu : None
request reçu : GET
Content-Length reçu : None
request reçu : GET
Content-Length reçu : None
request reçu : GET
Content-Length reçu : None
request reçu : GET
Content-Length reçu : None
request reçu : GET
Content-Length reçu : None
request reçu : GET
Content-Length reçu : None
request reçu : GET
Content-Length reçu : None
request reçu : GET
Content-Length reçu : None
request reçu : GET
Content-Length reçu : None
request reçu : GET
Content-Length reçu : None
request reçu : GET
Content-Length reçu : None
request reçu : GET
Content-Length reçu : None
request reçu : GET
Content-Length reçu : None
request reçu : GET
Content-Length reçu : None
request reçu : GET
Content-Length reçu : None
request reçu : GET
Content-Length reçu : None
request reçu : GET
Content-Length reçu : None
request reçu : GET
Content-Length reçu : None
request reçu : GET
Content-Length reçu : None
request reçu : GET
Content-Length reçu : None
request reçu : GET
Content-Length reçu : None
request reçu : GET
Content-Length reçu : None
request reçu : GET
Content-Length reçu : None
request reçu : GET
Content-Length reçu : None
request reçu : GET
Content-Length reçu : None
request reçu : GET
Content-Length reçu : None
request reçu : GET
Content-Length reçu : None
request reçu : GET
Content-Length reçu : None
request reçu : GET
Content-Length reçu : None
request reçu : GET
Content-Length reçu : None
request reçu : GET
Content-Length reçu : None
request reçu : GET
Content-Length reçu : None
request reçu : GET
Content-Length reçu : None
request reçu : GET
Content-Length reçu : None
request reçu : GET
Content-Length reçu : None
request reçu : GET
Content-Length reçu : 19
request reçu : POST
Content-Length reçu : 19
request reçu : POST
Content-Length reçu : None
request reçu : GET
Content-Length reçu : None
request reçu : GET
Content-Length reçu : None
request reçu : GET
Content-Length reçu : None
request reçu : GET
Content-Length reçu : None
request reçu : GET
Content-Length reçu : None
request reçu : GET
Content-Length reçu : None
>>>>>>> origin/main
request reçu : GET
Content-Length reçu : None
request reçu : GET
Content-Length reçu : None
request reçu : GET
Content-Length reçu : None
request reçu : GET
Content-Length reçu : None
request reçu : GET
Content-Length reçu : None
request reçu : GET
Content-Length reçu : None
request reçu : GET
Content-Length reçu : None
request reçu : GET
Content-Length reçu : None
request reçu : GET
Content-Length reçu : None
request reçu : GET
Content-Length reçu : None
request reçu : GET
Content-Length reçu : None
request reçu : GET
Content-Length reçu : None
request reçu : GET
Content-Length reçu : None
request reçu : GET
Content-Length reçu : None
request reçu : GET
Content-Length reçu : None
request reçu : GET
Content-Length reçu : None
request reçu : GET
Content-Length reçu : None
request reçu : GET
Content-Length reçu : None
request reçu : GET
Content-Length reçu : None
request reçu : GET
Content-Length reçu : None
request reçu : GET
Content-Length reçu : None
request reçu : GET
Content-Length reçu : None
request reçu : GET
Content-Length reçu : None
request reçu : GET
Content-Length reçu : None
request reçu : GET
Content-Length reçu : None
request reçu : GET
Content-Length reçu : None
request reçu : GET
Content-Length reçu : None
request reçu : GET
Content-Length reçu : None
request reçu : GET
Content-Length reçu : None
request reçu : GET
Content-Length reçu : None
request reçu : GET
Content-Length reçu : None
request reçu : GET
Content-Length reçu : None
request reçu : GET
Content-Length reçu : None
request reçu : GET
Content-Length reçu : None
request reçu : GET
Content-Length reçu : None
request reçu : GET
Content-Length reçu : None
request reçu : GET
Content-Length reçu : None
request reçu : GET
Content-Length reçu : None
request reçu : GET
Content-Length reçu : None
request reçu : GET
Content-Length reçu : None
request reçu : GET
Content-Length reçu : None
request reçu : GET
Content-Length reçu : None
request reçu : GET
Content-Length reçu : None
request reçu : GET
Content-Length reçu : None
request reçu : GET
Content-Length reçu : None
request reçu : GET
Content-Length reçu : None
request reçu : GET
Content-Length reçu : None
request reçu : GET
Content-Length reçu : None
request reçu : GET
Content-Length reçu : None
request reçu : GET
Content-Length reçu : None
request reçu : GET
Content-Length reçu : None
request reçu : GET
Content-Length reçu : None
request reçu : GET
Content-Length reçu : None
request reçu : GET
Content-Length reçu : None
request reçu : GET
Content-Length reçu : None
request reçu : GET
Content-Length reçu : None
request reçu : GET
Content-Length reçu : None
request reçu : GET
Content-Length reçu : None
request reçu : GET
Content-Length reçu : None
request reçu : GET
Content-Length reçu : None
request reçu : GET
Content-Length reçu : None
request reçu : GET
Content-Length reçu : None
request reçu : GET
Content-Length reçu : None
request reçu : GET
Content-Length reçu : None
request reçu : GET
Content-Length reçu : None
request reçu : GET
Content-Length reçu : None
request reçu : GET
Content-Length reçu : None
request reçu : GET
Content-Length reçu : None
request reçu : GET
Content-Length reçu : None
request reçu : GET
Content-Length reçu : None
request reçu : GET
Content-Length reçu : None
request reçu : GET
Content-Length reçu : None
request reçu : GET
Content-Length reçu : None
request reçu : GET
Content-Length reçu : None
request reçu : GET
Content-Length reçu : None
request reçu : GET
Content-Length reçu : None
request reçu : GET
Content-Length reçu : None
request reçu : GET
Content-Length reçu : None
request reçu : GET
Content-Length reçu : None
request reçu : GET
Content-Length reçu : None
request reçu : GET
Content-Length reçu : None
request reçu : GET
Content-Length reçu : None
request reçu : GET
Content-Length reçu : None
request reçu : GET
Content-Length reçu : None
request reçu : GET
Content-Length reçu : None
request reçu : GET
Content-Length reçu : None
request reçu : GET
Content-Length reçu : None
request reçu : GET
Content-Length reçu : None
request reçu : GET
Content-Length reçu : None
request reçu : GET
Content-Length reçu : None
request reçu : GET
Content-Length reçu : None
request reçu : GET
Content-Length reçu : None
request reçu : GET
Content-Length reçu : None
request reçu : GET
Content-Length reçu : None
request reçu : GET
Content-Length reçu : None
request reçu : GET
Content-Length reçu : None
request reçu : GET
Content-Length reçu : None
request reçu : GET
Content-Length reçu : None
request reçu : GET
Content-Length reçu : None
request reçu : GET
Content-Length reçu : None
request reçu : GET
Content-Length reçu : None
request reçu : GET
Content-Length reçu : None
request reçu : GET
Content-Length reçu : None
request reçu : GET
Content-Length reçu : None
request reçu : GET
Content-Length reçu : None
request reçu : GET
Content-Length reçu : None
request reçu : GET
Content-Length reçu : None
request reçu : GET
Content-Length reçu : None
request reçu : GET
Content-Length reçu : None
request reçu : GET
Content-Length reçu : 27
request reçu : POST
Content-Length reçu : None
request reçu : GET
Content-Length reçu : None
request reçu : GET
Content-Length reçu : None
request reçu : GET
Content-Length reçu : None
request reçu : GET
Content-Length reçu : 23
request reçu : POST
Content-Length reçu : None
request reçu : GET
Content-Length reçu : 29
request reçu : POST
Content-Length reçu : None
request reçu : GET
Content-Length reçu : None
request reçu : GET
Content-Length reçu : None
request reçu : GET
Content-Length reçu : None
request reçu : GET
Content-Length reçu : None
request reçu : GET
Content-Length reçu : None
request reçu : GET
Content-Length reçu : None
request reçu : GET
Content-Length reçu : None
request reçu : GET
Content-Length reçu : None
request reçu : GET
Content-Length reçu : None
request reçu : GET
Content-Length reçu : None
request reçu : GET
Content-Length reçu : None
request reçu : GET
Content-Length reçu : None
request reçu : GET
Content-Length reçu : None
request reçu : GET
Content-Length reçu : None
request reçu : GET
Content-Length reçu : None
request reçu : GET
Content-Length reçu : None
request reçu : GET
Content-Length reçu : None
request reçu : GET
Content-Length reçu : None
request reçu : GET
Content-Length reçu : None
request reçu : GET
Content-Length reçu : None
request reçu : GET
Content-Length reçu : None
request reçu : GET
Content-Length reçu : None
request reçu : GET
Content-Length reçu : None
request reçu : GET
Content-Length reçu : None
request reçu : GET
Content-Length reçu : None
request reçu : GET
Content-Length reçu : None
request reçu : GET
Content-Length reçu : None
request reçu : GET
Content-Length reçu : None
request reçu : GET
Content-Length reçu : None
request reçu : GET
Content-Length reçu : None
request reçu : GET
Content-Length reçu : None
request reçu : GET
Content-Length reçu : None
request reçu : GET
Content-Length reçu : None
request reçu : GET
Content-Length reçu : None
request reçu : GET
Content-Length reçu : None
request reçu : GET
Content-Length reçu : None
request reçu : GET
Content-Length reçu : None
request reçu : GET
Content-Length reçu : None
request reçu : GET
Content-Length reçu : None
request reçu : GET
Content-Length reçu : None
request reçu : GET
Content-Length reçu : None
request reçu : GET
Content-Length reçu : None
request reçu : GET
Content-Length reçu : 23
request reçu : POST
Content-Length reçu : 45
request reçu : POST
Content-Length reçu : 45
request reçu : POST
Content-Length reçu : None
request reçu : GET
